#
# A fatal error has been detected by the Java Runtime Environment:
#
#  SIGSEGV (0xb) at pc=0x00000001086e836c, pid=2096, tid=17411
#
# JRE version: Java(TM) SE Runtime Environment (8.0_91-b14) (build 1.8.0_91-b14)
# Java VM: Java HotSpot(TM) 64-Bit Server VM (25.91-b14 mixed mode bsd-amd64 compressed oops)
# Problematic frame:
# V  [libjvm.dylib+0x44836c]  Method::checked_resolve_jmethod_id(_jmethodID*)+0x22
#
# Failed to write core dump. Core dumps have been disabled. To enable core dumping, try "ulimit -c unlimited" before starting Java again
#
# If you would like to submit a bug report, please visit:
#   http://bugreport.java.com/bugreport/crash.jsp
#

---------------  T H R E A D  ---------------

Current thread (0x00007f8a6401d000):  JavaThread "JDWP Transport Listener: dt_socket" daemon [_thread_in_vm, id=17411, stack(0x0000700000bbe000,0x0000700000cbe000)]

siginfo: si_signo: 11 (SIGSEGV), si_code: 0 (unknown), si_addr: 0x0000000000000000

Registers:
RAX=0x08478b48e5894855, RBX=0x0000000108638738, RCX=0x0000000108ab8340, RDX=0x0000700000cbda8b
RSP=0x0000700000cbd9d0, RBP=0x0000700000cbd9e0, RSI=0x00007f8a6401d000, RDI=0x0000000108638738
R8 =0x0000000000000000, R9 =0x00007f8a6242c790, R10=0x00000000962a473b, R11=0x00007f8a62400000
R12=0x00007f8a6401d000, R13=0x0000000108ac8810, R14=0x0000000108ac8810, R15=0x00007f8a62701970
RIP=0x00000001086e836c, EFLAGS=0x0000000000010202, ERR=0x0000000000000000
  TRAPNO=0x000000000000000d

Top of Stack: (sp=0x0000700000cbd9d0)
0x0000700000cbd9d0:   0000700000cbda8b 0000700000cbda8b
0x0000700000cbd9e0:   0000700000cbda40 00000001085f7316
0x0000700000cbd9f0:   00007f8a6401d000 0000000000000000
0x0000700000cbda00:   0000000000000000 0000000000000000
0x0000700000cbda10:   00007f8a6401d000 00007f8a6401d000
0x0000700000cbda20:   0000700000cbda8b 0000700000cbda90
0x0000700000cbda30:   0000000108ac8810 0000000000000004
0x0000700000cbda40:   0000700000cbda60 0000000109298780
0x0000700000cbda50:   0000000000000001 0000700000cbdb08
0x0000700000cbda60:   0000700000cbdad0 000000010927d1f3
0x0000700000cbda70:   0000700000cbdaa0 00007f8a6242c760
0x0000700000cbda80:   0000000500000032 0000000900cbdb08
0x0000700000cbda90:   0000000000000000 0000000000000000
0x0000700000cbdaa0:   0000000000000000 0000700000cbdc90
0x0000700000cbdab0:   000000010929fe7a 00007f8a625243c0
0x0000700000cbdac0:   0000700000cbdb08 00000001092ab598
0x0000700000cbdad0:   0000700000cbdae0 000000010927d2ec
0x0000700000cbdae0:   0000700000cbdd00 0000000109286898
0x0000700000cbdaf0:   000038a300000013 00000000000f0200
0x0000700000cbdb00:   00007f8a62521250 0000700000cbdc45
0x0000700000cbdb10:   00007f8a0000003f 0000700000cbdb20
0x0000700000cbdb20:   00000000000000ed 0000700000cbdb58
0x0000700000cbdb30:   0000000000000000 0000000000000000
0x0000700000cbdb40:   000038a30000001c 00007fff0000dc80
0x0000700000cbdb50:   0000700000cbdb58 8a7f000005000000
0x0000700000cbdb60:   1300000090587262 415f72656e6e6977
0x0000700000cbdb70:   6d65636e756f6e6e 282f000000746e65
0x0000700000cbdb80:   5131316e6d614d4c 664f6b6365442f32
0x0000700000cbdb90:   4d4c3b7364726143 2f325131316e6d61
0x0000700000cbdba0:   6143664f6b636544 000056293b736472
0x0000700000cbdbb0:   00000a0000000000 0000904552628a7f
0x0000700000cbdbc0:   3e74696e693c0600 0056292803000000 

Instructions: (pc=0x00000001086e836c)
0x00000001086e834c:   89 e5 53 48 83 ec 08 48 85 ff 74 24 48 8b 1f 48
0x00000001086e835c:   85 db 74 1c 48 83 fb 37 74 16 48 8b 03 48 89 df
0x00000001086e836c:   ff 50 10 84 c0 b8 00 00 00 00 48 0f 45 c3 eb 02
0x00000001086e837c:   31 c0 48 83 c4 08 5b 5d c3 90 55 48 89 e5 48 8b 

Register to memory mapping:

RAX=0x08478b48e5894855 is an unknown value
RBX=0x0000000108638738: _ZN15JvmtiBreakpoint13getCacheValueEv+0 in /Library/Java/JavaVirtualMachines/jdk1.8.0_91.jdk/Contents/Home/jre/lib/server/libjvm.dylib at 0x00000001082a0000
RCX=0x0000000108ab8340: UseMembar+0 in /Library/Java/JavaVirtualMachines/jdk1.8.0_91.jdk/Contents/Home/jre/lib/server/libjvm.dylib at 0x00000001082a0000
RDX=0x0000700000cbda8b is pointing into the stack for thread: 0x00007f8a6401d000
RSP=0x0000700000cbd9d0 is pointing into the stack for thread: 0x00007f8a6401d000
RBP=0x0000700000cbd9e0 is pointing into the stack for thread: 0x00007f8a6401d000
RSI=0x00007f8a6401d000 is a thread
RDI=0x0000000108638738: _ZN15JvmtiBreakpoint13getCacheValueEv+0 in /Library/Java/JavaVirtualMachines/jdk1.8.0_91.jdk/Contents/Home/jre/lib/server/libjvm.dylib at 0x00000001082a0000
R8 =0x0000000000000000 is an unknown value
R9 =0x00007f8a6242c790 is an unknown value
R10=0x00000000962a473b is an unknown value
R11=0x00007f8a62400000 is an unknown value
R12=0x00007f8a6401d000 is a thread
R13=0x0000000108ac8810: _ZTV15JvmtiBreakpoint+0x10 in /Library/Java/JavaVirtualMachines/jdk1.8.0_91.jdk/Contents/Home/jre/lib/server/libjvm.dylib at 0x00000001082a0000
R14=0x0000000108ac8810: _ZTV15JvmtiBreakpoint+0x10 in /Library/Java/JavaVirtualMachines/jdk1.8.0_91.jdk/Contents/Home/jre/lib/server/libjvm.dylib at 0x00000001082a0000
R15=0x00007f8a62701970 is an unknown value


Stack: [0x0000700000bbe000,0x0000700000cbe000],  sp=0x0000700000cbd9d0,  free space=1022k
Native frames: (J=compiled Java code, j=interpreted, Vv=VM code, C=native code)
V  [libjvm.dylib+0x44836c]  Method::checked_resolve_jmethod_id(_jmethodID*)+0x22
V  [libjvm.dylib+0x357316]  jvmti_IsMethodSynthetic+0xb2
C  [libjdwp.dylib+0x20780]  isMethodSynthetic+0x63
C  [libjdwp.dylib+0x51f3]  methods1+0x10b
C  [libjdwp.dylib+0x52ec]  methodsWithGeneric+0xe
C  [libjdwp.dylib+0xe898]  debugLoop_run+0x1ce
C  [libjdwp.dylib+0x1f6ba]  attachThread+0x4d
V  [libjvm.dylib+0x39867c]  JvmtiAgentThread::call_start_function()+0x38
V  [libjvm.dylib+0x563d17]  JavaThread::thread_main_inner()+0x9b
V  [libjvm.dylib+0x565412]  JavaThread::run()+0x1c2
V  [libjvm.dylib+0x484f82]  java_start(Thread*)+0xf6
C  [libsystem_pthread.dylib+0x399d]  _pthread_body+0x83
C  [libsystem_pthread.dylib+0x391a]  _pthread_body+0x0
C  [libsystem_pthread.dylib+0x1351]  thread_start+0xd
C  0x0000000000000000


---------------  P R O C E S S  ---------------

Java Threads: ( => current thread )
  0x00007f8a62842000 JavaThread "Service Thread" daemon [_thread_blocked, id=20483, stack(0x00007000011d0000,0x00007000012d0000)]
  0x00007f8a62833000 JavaThread "C1 CompilerThread2" daemon [_thread_blocked, id=19971, stack(0x00007000010cd000,0x00007000011cd000)]
  0x00007f8a6282f000 JavaThread "C2 CompilerThread1" daemon [_thread_blocked, id=19459, stack(0x0000700000fca000,0x00007000010ca000)]
  0x00007f8a63040800 JavaThread "C2 CompilerThread0" daemon [_thread_blocked, id=18947, stack(0x0000700000ec7000,0x0000700000fc7000)]
  0x00007f8a64027800 JavaThread "JDWP Command Reader" daemon [_thread_in_native, id=18435, stack(0x0000700000dc4000,0x0000700000ec4000)]
  0x00007f8a64026000 JavaThread "JDWP Event Helper Thread" daemon [_thread_blocked, id=17923, stack(0x0000700000cc1000,0x0000700000dc1000)]
=>0x00007f8a6401d000 JavaThread "JDWP Transport Listener: dt_socket" daemon [_thread_in_vm, id=17411, stack(0x0000700000bbe000,0x0000700000cbe000)]
  0x00007f8a6401c800 JavaThread "Signal Dispatcher" daemon [_thread_blocked, id=16659, stack(0x0000700000abb000,0x0000700000bbb000)]
  0x00007f8a6301a000 JavaThread "Finalizer" daemon [_thread_blocked, id=11779, stack(0x000070000082f000,0x000070000092f000)]
  0x00007f8a64007000 JavaThread "Reference Handler" daemon [_thread_blocked, id=11267, stack(0x000070000072c000,0x000070000082c000)]
  0x00007f8a63802000 JavaThread "main" [_thread_blocked, id=4099, stack(0x0000700000084000,0x0000700000184000)]

Other Threads:
  0x00007f8a63800000 VMThread [stack: 0x0000700000629000,0x0000700000729000] [id=10755]
  0x00007f8a62843000 WatcherThread [stack: 0x00007000012d3000,0x00007000013d3000] [id=20995]

VM state:not at safepoint (normal execution)

VM Mutex/Monitor currently owned by a thread: None

Heap:
 PSYoungGen      total 38400K, used 2662K [0x0000000795580000, 0x0000000798000000, 0x00000007c0000000)
  eden space 33280K, 8% used [0x0000000795580000,0x00000007958199c0,0x0000000797600000)
  from space 5120K, 0% used [0x0000000797b00000,0x0000000797b00000,0x0000000798000000)
  to   space 5120K, 0% used [0x0000000797600000,0x0000000797600000,0x0000000797b00000)
 ParOldGen       total 87552K, used 0K [0x0000000740000000, 0x0000000745580000, 0x0000000795580000)
  object space 87552K, 0% used [0x0000000740000000,0x0000000740000000,0x0000000745580000)
 Metaspace       used 2990K, capacity 4792K, committed 5120K, reserved 1056768K
  class space    used 309K, capacity 424K, committed 512K, reserved 1048576K

Card table byte_map: [0x0000000118fc0000,0x00000001193c1000] byte_map_base: 0x00000001155c0000

Marking Bits: (ParMarkBitMap*) 0x0000000108b86eb0
 Begin Bits: [0x000000011966c000, 0x000000011b66c000)
 End Bits:   [0x000000011b66c000, 0x000000011d66c000)

Polling page: 0x0000000109277000

CodeCache: size=245760Kb used=1124Kb max_used=1127Kb free=244635Kb
 bounds [0x0000000109c00000, 0x0000000109e70000, 0x0000000118c00000]
 total_blobs=262 nmethods=36 adapters=148
 compilation: enabled

Compilation events (10 events):
Event: 0.845 Thread 0x00007f8a62833000   32       3       java.io.UnixFileSystem::normalize (75 bytes)
Event: 0.845 Thread 0x00007f8a62833000 nmethod 32 0x0000000109d18a10 code [0x0000000109d18be0, 0x0000000109d19288]
Event: 0.845 Thread 0x00007f8a62833000   33       1       java.net.URL::getProtocol (5 bytes)
Event: 0.845 Thread 0x00007f8a62833000 nmethod 33 0x0000000109d18750 code [0x0000000109d188a0, 0x0000000109d189b0]
Event: 0.845 Thread 0x00007f8a62833000   34       1       java.io.File::getPath (5 bytes)
Event: 0.845 Thread 0x00007f8a62833000 nmethod 34 0x0000000109d18490 code [0x0000000109d185e0, 0x0000000109d186f0]
Event: 0.846 Thread 0x00007f8a62833000   35       1       java.lang.StringCoding$StringEncoder::requestedCharsetName (5 bytes)
Event: 0.846 Thread 0x00007f8a62833000 nmethod 35 0x0000000109d181d0 code [0x0000000109d18320, 0x0000000109d18430]
Event: 0.847 Thread 0x00007f8a62833000   36       3       java.lang.StringBuilder::append (8 bytes)
Event: 0.847 Thread 0x00007f8a62833000 nmethod 36 0x0000000109d17e10 code [0x0000000109d17f80, 0x0000000109d18128]

GC Heap History (0 events):
No events

Deoptimization events (0 events):
No events

Internal exceptions (10 events):
Event: 0.841 Thread 0x00007f8a63802000 Exception <a 'java/security/PrivilegedActionException'> (0x0000000795626048) thrown at [/Users/java_re/workspace/8-2-build-macosx-x86_64/jdk8u91/6644/hotspot/src/share/vm/prims/jvm.cpp, line 1386]
Event: 0.842 Thread 0x00007f8a63802000 Exception <a 'java/util/zip/ZipException'> (0x0000000795773ae0) thrown at [/Users/java_re/workspace/8-2-build-macosx-x86_64/jdk8u91/6644/hotspot/src/share/vm/prims/jni.cpp, line 709]
Event: 0.842 Thread 0x00007f8a63802000 Exception <a 'java/security/PrivilegedActionException'> (0x0000000795773ce8) thrown at [/Users/java_re/workspace/8-2-build-macosx-x86_64/jdk8u91/6644/hotspot/src/share/vm/prims/jvm.cpp, line 1386]
Event: 0.842 Thread 0x00007f8a63802000 Exception <a 'java/security/PrivilegedActionException'> (0x0000000795773ef8) thrown at [/Users/java_re/workspace/8-2-build-macosx-x86_64/jdk8u91/6644/hotspot/src/share/vm/prims/jvm.cpp, line 1386]
Event: 0.844 Thread 0x00007f8a63802000 Exception <a 'java/util/zip/ZipException'> (0x0000000795774c78) thrown at [/Users/java_re/workspace/8-2-build-macosx-x86_64/jdk8u91/6644/hotspot/src/share/vm/prims/jni.cpp, line 709]
Event: 0.844 Thread 0x00007f8a63802000 Exception <a 'java/security/PrivilegedActionException'> (0x0000000795774e80) thrown at [/Users/java_re/workspace/8-2-build-macosx-x86_64/jdk8u91/6644/hotspot/src/share/vm/prims/jvm.cpp, line 1386]
Event: 0.844 Thread 0x00007f8a63802000 Exception <a 'java/security/PrivilegedActionException'> (0x0000000795775090) thrown at [/Users/java_re/workspace/8-2-build-macosx-x86_64/jdk8u91/6644/hotspot/src/share/vm/prims/jvm.cpp, line 1386]
Event: 0.846 Thread 0x00007f8a63802000 Exception <a 'java/util/zip/ZipException'> (0x0000000795786950) thrown at [/Users/java_re/workspace/8-2-build-macosx-x86_64/jdk8u91/6644/hotspot/src/share/vm/prims/jni.cpp, line 709]
Event: 0.847 Thread 0x00007f8a63802000 Exception <a 'java/security/PrivilegedActionException'> (0x0000000795786b58) thrown at [/Users/java_re/workspace/8-2-build-macosx-x86_64/jdk8u91/6644/hotspot/src/share/vm/prims/jvm.cpp, line 1386]
Event: 0.847 Thread 0x00007f8a63802000 Exception <a 'java/security/PrivilegedActionException'> (0x0000000795786d68) thrown at [/Users/java_re/workspace/8-2-build-macosx-x86_64/jdk8u91/6644/hotspot/src/share/vm/prims/jvm.cpp, line 1386]

Events (10 events):
Event: 4839.257 Executing VM operation: RedefineClasses
Event: 4839.258 Executing VM operation: RedefineClasses done
Event: 4839.266 Executing VM operation: ChangeBreakpoints
Event: 4839.266 Executing VM operation: ChangeBreakpoints done
Event: 4839.268 Executing VM operation: ChangeBreakpoints
Event: 4839.268 Executing VM operation: ChangeBreakpoints done
Event: 6083.346 Executing VM operation: ChangeBreakpoints
Event: 6083.346 Executing VM operation: ChangeBreakpoints done
Event: 6083.368 Executing VM operation: RedefineClasses
Event: 6083.369 Executing VM operation: RedefineClasses done


Dynamic libraries:
0x000000000a192000 	/System/Library/Frameworks/Cocoa.framework/Versions/A/Cocoa
0x000000000a192000 	/System/Library/Frameworks/Security.framework/Versions/A/Security
0x000000000a192000 	/System/Library/Frameworks/ApplicationServices.framework/Versions/A/ApplicationServices
0x000000000a192000 	/usr/lib/libz.1.dylib
0x000000000a192000 	/usr/lib/libSystem.B.dylib
0x000000000a192000 	/usr/lib/libobjc.A.dylib
0x000000000a192000 	/System/Library/Frameworks/CoreFoundation.framework/Versions/A/CoreFoundation
0x000000000a192000 	/System/Library/Frameworks/Foundation.framework/Versions/C/Foundation
0x000000000a192000 	/System/Library/Frameworks/AppKit.framework/Versions/C/AppKit
0x000000000a192000 	/System/Library/Frameworks/CoreData.framework/Versions/A/CoreData
0x000000000a192000 	/System/Library/PrivateFrameworks/RemoteViewServices.framework/Versions/A/RemoteViewServices
0x000000000a192000 	/System/Library/PrivateFrameworks/UIFoundation.framework/Versions/A/UIFoundation
0x000000000a192000 	/usr/lib/libScreenReader.dylib
0x000000000a192000 	/System/Library/Frameworks/Accelerate.framework/Versions/A/Accelerate
0x000000000a192000 	/System/Library/Frameworks/IOSurface.framework/Versions/A/IOSurface
0x000000000a192000 	/System/Library/Frameworks/AudioToolbox.framework/Versions/A/AudioToolbox
0x000000000a192000 	/System/Library/Frameworks/AudioUnit.framework/Versions/A/AudioUnit
0x000000000a192000 	/System/Library/PrivateFrameworks/DataDetectorsCore.framework/Versions/A/DataDetectorsCore
0x000000000a192000 	/System/Library/PrivateFrameworks/DesktopServicesPriv.framework/Versions/A/DesktopServicesPriv
0x000000000a192000 	/System/Library/Frameworks/Carbon.framework/Versions/A/Frameworks/HIToolbox.framework/Versions/A/HIToolbox
0x000000000a192000 	/System/Library/Frameworks/QuartzCore.framework/Versions/A/QuartzCore
0x000000000a192000 	/System/Library/Frameworks/Carbon.framework/Versions/A/Frameworks/SpeechRecognition.framework/Versions/A/SpeechRecognition
0x000000000a192000 	/usr/lib/libauto.dylib
0x000000000a192000 	/usr/lib/libicucore.A.dylib
0x000000000a192000 	/usr/lib/libxml2.2.dylib
0x000000000a192000 	/System/Library/PrivateFrameworks/CoreUI.framework/Versions/A/CoreUI
0x000000000a192000 	/System/Library/Frameworks/CoreAudio.framework/Versions/A/CoreAudio
0x000000000a192000 	/System/Library/Frameworks/DiskArbitration.framework/Versions/A/DiskArbitration
0x000000000a192000 	/usr/lib/liblangid.dylib
0x000000000a192000 	/System/Library/PrivateFrameworks/MultitouchSupport.framework/Versions/A/MultitouchSupport
0x000000000a192000 	/System/Library/Frameworks/IOKit.framework/Versions/A/IOKit
0x000000000a192000 	/usr/lib/libDiagnosticMessagesClient.dylib
0x000000000a192000 	/System/Library/Frameworks/CoreServices.framework/Versions/A/CoreServices
0x000000000a192000 	/System/Library/PrivateFrameworks/PerformanceAnalysis.framework/Versions/A/PerformanceAnalysis
0x000000000a192000 	/System/Library/PrivateFrameworks/GenerationalStorage.framework/Versions/A/GenerationalStorage
0x000000000a192000 	/System/Library/Frameworks/OpenGL.framework/Versions/A/OpenGL
0x000000000a192000 	/System/Library/PrivateFrameworks/Sharing.framework/Versions/A/Sharing
0x000000000a192000 	/System/Library/Frameworks/CoreGraphics.framework/Versions/A/CoreGraphics
0x000000000a192000 	/System/Library/Frameworks/CoreImage.framework/Versions/A/CoreImage
0x000000000a192000 	/System/Library/Frameworks/CoreText.framework/Versions/A/CoreText
0x000000000a192000 	/System/Library/Frameworks/ImageIO.framework/Versions/A/ImageIO
0x000000000a192000 	/System/Library/PrivateFrameworks/Backup.framework/Versions/A/Backup
0x000000000a192000 	/usr/lib/libextension.dylib
0x000000000a192000 	/usr/lib/libarchive.2.dylib
0x000000000a192000 	/System/Library/Frameworks/CFNetwork.framework/Versions/A/CFNetwork
0x000000000a192000 	/System/Library/Frameworks/SystemConfiguration.framework/Versions/A/SystemConfiguration
0x000000000a192000 	/usr/lib/libCRFSuite.dylib
0x000000000a192000 	/usr/lib/libc++.1.dylib
0x000000000a192000 	/usr/lib/libc++abi.dylib
0x000000000a192000 	/usr/lib/system/libcache.dylib
0x000000000a192000 	/usr/lib/system/libcommonCrypto.dylib
0x000000000a192000 	/usr/lib/system/libcompiler_rt.dylib
0x000000000a192000 	/usr/lib/system/libcopyfile.dylib
0x000000000a192000 	/usr/lib/system/libcorecrypto.dylib
0x000000000a192000 	/usr/lib/system/libdispatch.dylib
0x000000000a192000 	/usr/lib/system/libdyld.dylib
0x000000000a192000 	/usr/lib/system/libkeymgr.dylib
0x000000000a192000 	/usr/lib/system/liblaunch.dylib
0x000000000a192000 	/usr/lib/system/libmacho.dylib
0x000000000a192000 	/usr/lib/system/libquarantine.dylib
0x000000000a192000 	/usr/lib/system/libremovefile.dylib
0x000000000a192000 	/usr/lib/system/libsystem_asl.dylib
0x000000000a192000 	/usr/lib/system/libsystem_blocks.dylib
0x000000000a192000 	/usr/lib/system/libsystem_c.dylib
0x000000000a192000 	/usr/lib/system/libsystem_configuration.dylib
0x000000000a192000 	/usr/lib/system/libsystem_coreservices.dylib
0x000000000a192000 	/usr/lib/system/libsystem_coretls.dylib
0x000000000a192000 	/usr/lib/system/libsystem_dnssd.dylib
0x000000000a192000 	/usr/lib/system/libsystem_info.dylib
0x000000000a192000 	/usr/lib/system/libsystem_kernel.dylib
0x000000000a192000 	/usr/lib/system/libsystem_m.dylib
0x000000000a192000 	/usr/lib/system/libsystem_malloc.dylib
0x000000000a192000 	/usr/lib/system/libsystem_network.dylib
0x000000000a192000 	/usr/lib/system/libsystem_networkextension.dylib
0x000000000a192000 	/usr/lib/system/libsystem_notify.dylib
0x000000000a192000 	/usr/lib/system/libsystem_platform.dylib
0x000000000a192000 	/usr/lib/system/libsystem_pthread.dylib
0x000000000a192000 	/usr/lib/system/libsystem_sandbox.dylib
0x000000000a192000 	/usr/lib/system/libsystem_secinit.dylib
0x000000000a192000 	/usr/lib/system/libsystem_trace.dylib
0x000000000a192000 	/usr/lib/system/libunc.dylib
0x000000000a192000 	/usr/lib/system/libunwind.dylib
0x000000000a192000 	/usr/lib/system/libxpc.dylib
0x000000000a192000 	/usr/lib/libenergytrace.dylib
0x000000000a192000 	/usr/lib/libbsm.0.dylib
0x000000000a192000 	/usr/lib/system/libkxld.dylib
0x000000000a192000 	/usr/lib/libxar.1.dylib
0x000000000a192000 	/usr/lib/libsqlite3.dylib
0x000000000a192000 	/usr/lib/libpam.2.dylib
0x000000000a192000 	/usr/lib/libOpenScriptingUtil.dylib
0x000000000a192000 	/usr/lib/libbz2.1.0.dylib
0x000000000a192000 	/usr/lib/liblzma.5.dylib
0x000000000a192000 	/System/Library/Frameworks/CoreServices.framework/Versions/A/Frameworks/FSEvents.framework/Versions/A/FSEvents
0x000000000a192000 	/System/Library/Frameworks/CoreServices.framework/Versions/A/Frameworks/CarbonCore.framework/Versions/A/CarbonCore
0x000000000a192000 	/System/Library/Frameworks/CoreServices.framework/Versions/A/Frameworks/Metadata.framework/Versions/A/Metadata
0x000000000a192000 	/System/Library/Frameworks/CoreServices.framework/Versions/A/Frameworks/OSServices.framework/Versions/A/OSServices
0x000000000a192000 	/System/Library/Frameworks/CoreServices.framework/Versions/A/Frameworks/SearchKit.framework/Versions/A/SearchKit
0x000000000a192000 	/System/Library/Frameworks/CoreServices.framework/Versions/A/Frameworks/AE.framework/Versions/A/AE
0x000000000a192000 	/System/Library/Frameworks/CoreServices.framework/Versions/A/Frameworks/LaunchServices.framework/Versions/A/LaunchServices
0x000000000a192000 	/System/Library/Frameworks/CoreServices.framework/Versions/A/Frameworks/DictionaryServices.framework/Versions/A/DictionaryServices
0x000000000a192000 	/System/Library/Frameworks/CoreServices.framework/Versions/A/Frameworks/SharedFileList.framework/Versions/A/SharedFileList
0x000000000a192000 	/System/Library/Frameworks/NetFS.framework/Versions/A/NetFS
0x000000000a192000 	/System/Library/PrivateFrameworks/NetAuth.framework/Versions/A/NetAuth
0x000000000a192000 	/System/Library/PrivateFrameworks/login.framework/Versions/A/Frameworks/loginsupport.framework/Versions/A/loginsupport
0x000000000a192000 	/System/Library/PrivateFrameworks/TCC.framework/Versions/A/TCC
0x000000000a192000 	/usr/lib/libmecabra.dylib
0x000000000a192000 	/System/Library/Frameworks/ApplicationServices.framework/Versions/A/Frameworks/ATS.framework/Versions/A/ATS
0x000000000a192000 	/System/Library/Frameworks/ApplicationServices.framework/Versions/A/Frameworks/ColorSync.framework/Versions/A/ColorSync
0x000000000a192000 	/System/Library/Frameworks/ApplicationServices.framework/Versions/A/Frameworks/HIServices.framework/Versions/A/HIServices
0x000000000a192000 	/System/Library/Frameworks/ApplicationServices.framework/Versions/A/Frameworks/LangAnalysis.framework/Versions/A/LangAnalysis
0x000000000a192000 	/System/Library/Frameworks/ApplicationServices.framework/Versions/A/Frameworks/PrintCore.framework/Versions/A/PrintCore
0x000000000a192000 	/System/Library/Frameworks/ApplicationServices.framework/Versions/A/Frameworks/QD.framework/Versions/A/QD
0x000000000a192000 	/System/Library/Frameworks/ApplicationServices.framework/Versions/A/Frameworks/SpeechSynthesis.framework/Versions/A/SpeechSynthesis
0x000000000a192000 	/System/Library/Frameworks/Metal.framework/Versions/A/Metal
0x000000000a192000 	/System/Library/Frameworks/Accelerate.framework/Versions/A/Frameworks/vImage.framework/Versions/A/vImage
0x000000000a192000 	/System/Library/Frameworks/Accelerate.framework/Versions/A/Frameworks/vecLib.framework/Versions/A/vecLib
0x000000000a192000 	/System/Library/Frameworks/Accelerate.framework/Versions/A/Frameworks/vecLib.framework/Versions/A/libvDSP.dylib
0x000000000a192000 	/System/Library/Frameworks/Accelerate.framework/Versions/A/Frameworks/vecLib.framework/Versions/A/libvMisc.dylib
0x000000000a192000 	/System/Library/Frameworks/Accelerate.framework/Versions/A/Frameworks/vecLib.framework/Versions/A/libLAPACK.dylib
0x000000000a192000 	/System/Library/Frameworks/Accelerate.framework/Versions/A/Frameworks/vecLib.framework/Versions/A/libBLAS.dylib
0x000000000a192000 	/System/Library/Frameworks/Accelerate.framework/Versions/A/Frameworks/vecLib.framework/Versions/A/libLinearAlgebra.dylib
0x000000000a192000 	/System/Library/Frameworks/Accelerate.framework/Versions/A/Frameworks/vecLib.framework/Versions/A/libSparseBLAS.dylib
0x000000000a192000 	/System/Library/PrivateFrameworks/GPUCompiler.framework/libmetal_timestamp.dylib
0x000000000a192000 	/System/Library/Frameworks/OpenGL.framework/Versions/A/Libraries/libCoreFSCache.dylib
0x000000000a192000 	/System/Library/PrivateFrameworks/IOAccelerator.framework/Versions/A/IOAccelerator
0x000000000a192000 	/System/Library/Frameworks/ApplicationServices.framework/Versions/A/Frameworks/ATS.framework/Versions/A/Resources/libFontParser.dylib
0x000000000a192000 	/System/Library/Frameworks/ApplicationServices.framework/Versions/A/Frameworks/ATS.framework/Versions/A/Resources/libFontRegistry.dylib
0x000000000a192000 	/System/Library/PrivateFrameworks/AppleVPA.framework/Versions/A/AppleVPA
0x000000000a192000 	/System/Library/PrivateFrameworks/AppleJPEG.framework/Versions/A/AppleJPEG
0x000000000a192000 	/System/Library/Frameworks/ImageIO.framework/Versions/A/Resources/libJPEG.dylib
0x000000000a192000 	/System/Library/Frameworks/ImageIO.framework/Versions/A/Resources/libTIFF.dylib
0x000000000a192000 	/System/Library/Frameworks/ImageIO.framework/Versions/A/Resources/libPng.dylib
0x000000000a192000 	/System/Library/Frameworks/ImageIO.framework/Versions/A/Resources/libGIF.dylib
0x000000000a192000 	/System/Library/Frameworks/ImageIO.framework/Versions/A/Resources/libJP2.dylib
0x000000000a192000 	/System/Library/Frameworks/ImageIO.framework/Versions/A/Resources/libRadiance.dylib
0x000000000a192000 	/System/Library/Frameworks/CoreVideo.framework/Versions/A/CoreVideo
0x000000000a192000 	/System/Library/Frameworks/OpenGL.framework/Versions/A/Libraries/libGLU.dylib
0x000000000a192000 	/System/Library/Frameworks/OpenGL.framework/Versions/A/Libraries/libGFXShared.dylib
0x000000000a192000 	/System/Library/Frameworks/OpenGL.framework/Versions/A/Libraries/libGL.dylib
0x000000000a192000 	/System/Library/Frameworks/OpenGL.framework/Versions/A/Libraries/libGLImage.dylib
0x000000000a192000 	/System/Library/Frameworks/OpenGL.framework/Versions/A/Libraries/libCVMSPluginSupport.dylib
0x000000000a192000 	/System/Library/Frameworks/OpenGL.framework/Versions/A/Libraries/libCoreVMClient.dylib
0x000000000a192000 	/usr/lib/libcompression.dylib
0x000000000a192000 	/usr/lib/libcups.2.dylib
0x000000000a192000 	/System/Library/Frameworks/Kerberos.framework/Versions/A/Kerberos
0x000000000a192000 	/System/Library/Frameworks/GSS.framework/Versions/A/GSS
0x000000000a192000 	/usr/lib/libresolv.9.dylib
0x000000000a192000 	/usr/lib/libiconv.2.dylib
0x000000000a192000 	/System/Library/PrivateFrameworks/Heimdal.framework/Versions/A/Heimdal
0x000000000a192000 	/usr/lib/libheimdal-asn1.dylib
0x000000000a192000 	/System/Library/Frameworks/OpenDirectory.framework/Versions/A/OpenDirectory
0x000000000a192000 	/System/Library/PrivateFrameworks/CommonAuth.framework/Versions/A/CommonAuth
0x000000000a192000 	/System/Library/Frameworks/OpenDirectory.framework/Versions/A/Frameworks/CFOpenDirectory.framework/Versions/A/CFOpenDirectory
0x000000000a192000 	/System/Library/Frameworks/SecurityFoundation.framework/Versions/A/SecurityFoundation
0x000000000a192000 	/System/Library/PrivateFrameworks/LanguageModeling.framework/Versions/A/LanguageModeling
0x000000000a192000 	/usr/lib/libmarisa.dylib
0x000000000a192000 	/usr/lib/libChineseTokenizer.dylib
0x000000000a192000 	/usr/lib/libcmph.dylib
0x000000000a192000 	/System/Library/Frameworks/ServiceManagement.framework/Versions/A/ServiceManagement
0x000000000a192000 	/usr/lib/libxslt.1.dylib
0x000000000a192000 	/System/Library/Frameworks/Carbon.framework/Versions/A/Frameworks/Ink.framework/Versions/A/Ink
0x000000000a192000 	/usr/lib/libFosl_dynamic.dylib
0x000000000a192000 	/System/Library/PrivateFrameworks/FaceCore.framework/Versions/A/FaceCore
0x000000000a192000 	/System/Library/Frameworks/OpenCL.framework/Versions/A/OpenCL
0x000000000a192000 	/System/Library/PrivateFrameworks/CrashReporterSupport.framework/Versions/A/CrashReporterSupport
0x000000000a192000 	/System/Library/PrivateFrameworks/IconServices.framework/Versions/A/IconServices
0x000000000a192000 	/System/Library/PrivateFrameworks/Apple80211.framework/Versions/A/Apple80211
0x000000000a192000 	/System/Library/Frameworks/CoreWLAN.framework/Versions/A/CoreWLAN
0x000000000a192000 	/System/Library/Frameworks/IOBluetooth.framework/Versions/A/IOBluetooth
0x000000000a192000 	/System/Library/PrivateFrameworks/CoreWiFi.framework/Versions/A/CoreWiFi
0x000000000a192000 	/System/Library/Frameworks/CoreBluetooth.framework/Versions/A/CoreBluetooth
0x000000000a192000 	/System/Library/PrivateFrameworks/ChunkingLibrary.framework/Versions/A/ChunkingLibrary
0x000000000a192000 	/System/Library/PrivateFrameworks/DebugSymbols.framework/Versions/A/DebugSymbols
0x000000000a192000 	/System/Library/PrivateFrameworks/CoreSymbolication.framework/Versions/A/CoreSymbolication
0x000000000a192000 	/System/Library/PrivateFrameworks/Symbolication.framework/Versions/A/Symbolication
0x000000000a192000 	/System/Library/PrivateFrameworks/SpeechRecognitionCore.framework/Versions/A/SpeechRecognitionCore
0x00000001082a0000 	/Library/Java/JavaVirtualMachines/jdk1.8.0_91.jdk/Contents/Home/jre/lib/server/libjvm.dylib
0x000000000a192000 	/usr/lib/libstdc++.6.dylib
0x0000000109234000 	/Library/Java/JavaVirtualMachines/jdk1.8.0_91.jdk/Contents/Home/jre/lib/libverify.dylib
0x0000000109242000 	/Library/Java/JavaVirtualMachines/jdk1.8.0_91.jdk/Contents/Home/jre/lib/libjava.dylib
0x0000000109278000 	/Library/Java/JavaVirtualMachines/jdk1.8.0_91.jdk/Contents/Home/jre/lib/libjdwp.dylib
0x00000001092c3000 	/Library/Java/JavaVirtualMachines/jdk1.8.0_91.jdk/Contents/Home/jre/lib/libnpt.dylib
0x00000001092d4000 	/Library/Java/JavaVirtualMachines/jdk1.8.0_91.jdk/Contents/Home/jre/lib/libzip.dylib
0x000000011f441000 	/System/Library/Frameworks/JavaVM.framework/Frameworks/JavaRuntimeSupport.framework/JavaRuntimeSupport
0x000000011f45c000 	/System/Library/Frameworks/JavaVM.framework/Versions/A/Frameworks/JavaNativeFoundation.framework/Versions/A/JavaNativeFoundation
0x000000011f471000 	/System/Library/Frameworks/JavaVM.framework/Versions/A/JavaVM
0x000000000a192000 	/System/Library/Frameworks/Carbon.framework/Versions/A/Carbon
0x000000011f47e000 	/System/Library/PrivateFrameworks/JavaLaunching.framework/Versions/A/JavaLaunching
0x000000000a192000 	/System/Library/Frameworks/Carbon.framework/Versions/A/Frameworks/CommonPanels.framework/Versions/A/CommonPanels
0x000000000a192000 	/System/Library/Frameworks/Carbon.framework/Versions/A/Frameworks/Help.framework/Versions/A/Help
0x000000000a192000 	/System/Library/Frameworks/Carbon.framework/Versions/A/Frameworks/ImageCapture.framework/Versions/A/ImageCapture
0x000000000a192000 	/System/Library/Frameworks/Carbon.framework/Versions/A/Frameworks/OpenScripting.framework/Versions/A/OpenScripting
0x000000000a192000 	/System/Library/Frameworks/Carbon.framework/Versions/A/Frameworks/Print.framework/Versions/A/Print
0x000000000a192000 	/System/Library/Frameworks/Carbon.framework/Versions/A/Frameworks/SecurityHI.framework/Versions/A/SecurityHI
0x0000000120da0000 	/Library/Java/JavaVirtualMachines/jdk1.8.0_91.jdk/Contents/Home/jre/lib/libdt_socket.dylib

VM Arguments:
jvm_args: -agentlib:jdwp=transport=dt_socket,suspend=y,address=localhost:59046 -Dfile.encoding=UTF-8 
java_command: Mamn11Q2.Game
java_class_path (initial): /Users/ilyafish/Documents/workspace/2018maman/bin
Launcher Type: SUN_STANDARD

Environment Variables:
PATH=/usr/bin:/bin:/usr/sbin:/sbin
SHELL=/bin/bash

Signal Handlers:
SIGSEGV: [libjvm.dylib+0x5a97a1], sa_mask[0]=11111111011111110111111111111111, sa_flags=SA_ONSTACK|SA_RESTART|SA_SIGINFO
SIGBUS: [libjvm.dylib+0x5a97a1], sa_mask[0]=11111111011111110111111111111111, sa_flags=SA_RESTART|SA_SIGINFO
SIGFPE: [libjvm.dylib+0x482594], sa_mask[0]=11111111011111110111111111111111, sa_flags=SA_RESTART|SA_SIGINFO
SIGPIPE: [libjvm.dylib+0x482594], sa_mask[0]=11111111011111110111111111111111, sa_flags=SA_RESTART|SA_SIGINFO
SIGXFSZ: [libjvm.dylib+0x482594], sa_mask[0]=11111111011111110111111111111111, sa_flags=SA_RESTART|SA_SIGINFO
SIGILL: [libjvm.dylib+0x482594], sa_mask[0]=11111111011111110111111111111111, sa_flags=SA_RESTART|SA_SIGINFO
SIGUSR1: SIG_DFL, sa_mask[0]=00000000000000000000000000000000, sa_flags=none
SIGUSR2: [libjvm.dylib+0x4820b2], sa_mask[0]=00100000000000000000000000000000, sa_flags=SA_RESTART|SA_SIGINFO
SIGHUP: [libjvm.dylib+0x480689], sa_mask[0]=11111111011111110111111111111111, sa_flags=SA_RESTART|SA_SIGINFO
SIGINT: [libjvm.dylib+0x480689], sa_mask[0]=11111111011111110111111111111111, sa_flags=SA_RESTART|SA_SIGINFO
SIGTERM: [libjvm.dylib+0x480689], sa_mask[0]=11111111011111110111111111111111, sa_flags=SA_RESTART|SA_SIGINFO
SIGQUIT: [libjvm.dylib+0x480689], sa_mask[0]=11111111011111110111111111111111, sa_flags=SA_RESTART|SA_SIGINFO


---------------  S Y S T E M  ---------------

OS:Bsduname:Darwin 15.5.0 Darwin Kernel Version 15.5.0: Tue Apr 19 18:36:36 PDT 2016; root:xnu-3248.50.21~8/RELEASE_X86_64 x86_64
rlimit: STACK 8192k, CORE 0k, NPROC 709, NOFILE 10240, AS infinity
load average:3.97 3.48 3.66

CPU:total 4 (2 cores per cpu, 2 threads per core) family 6 model 69 stepping 1, cmov, cx8, fxsr, mmx, sse, sse2, sse3, ssse3, sse4.1, sse4.2, popcnt, avx, avx2, aes, clmul, erms, lzcnt, ht, tsc, tscinvbit, bmi1, bmi2

Memory: 4k page, physical 8388608k(88400k free)

/proc/meminfo:


vm_info: Java HotSpot(TM) 64-Bit Server VM (25.91-b14) for bsd-amd64 JRE (1.8.0_91-b14), built on Apr  1 2016 01:03:00 by "java_re" with gcc 4.2.1 (Based on Apple Inc. build 5658) (LLVM build 2336.11.00)

time: Sat Oct 28 23:21:08 2017
elapsed time: 6083 seconds (0d 1h 41m 23s)

